Release 14.7 - xst P.20131013 (nt64)
Copyright (c) 1995-2013 Xilinx, Inc.  All rights reserved.
--> Parameter TMPDIR set to xst/projnav.tmp


Total REAL time to Xst completion: 0.00 secs
Total CPU time to Xst completion: 0.05 secs
 
--> Parameter xsthdpdir set to xst


Total REAL time to Xst completion: 0.00 secs
Total CPU time to Xst completion: 0.05 secs
 
--> Reading design: Keypad_Anvyl.prj

TABLE OF CONTENTS
  1) Synthesis Options Summary
  2) HDL Parsing
  3) HDL Elaboration
  4) HDL Synthesis
       4.1) HDL Synthesis Report
  5) Advanced HDL Synthesis
       5.1) Advanced HDL Synthesis Report
  6) Low Level Synthesis
  7) Partition Report
  8) Design Summary
       8.1) Primitive and Black Box Usage
       8.2) Device utilization summary
       8.3) Partition Resource Summary
       8.4) Timing Report
            8.4.1) Clock Information
            8.4.2) Asynchronous Control Signals Information
            8.4.3) Timing Summary
            8.4.4) Timing Details
            8.4.5) Cross Clock Domains Report


=========================================================================
*                      Synthesis Options Summary                        *
=========================================================================
---- Source Parameters
Input File Name                    : "Keypad_Anvyl.prj"
Ignore Synthesis Constraint File   : NO

---- Target Parameters
Output File Name                   : "Keypad_Anvyl"
Output Format                      : NGC
Target Device                      : xc6slx45-3-csg484

---- Source Options
Top Module Name                    : Keypad_Anvyl
Automatic FSM Extraction           : YES
FSM Encoding Algorithm             : Auto
Safe Implementation                : No
FSM Style                          : LUT
RAM Extraction                     : Yes
RAM Style                          : Auto
ROM Extraction                     : Yes
Shift Register Extraction          : YES
ROM Style                          : Auto
Resource Sharing                   : YES
Asynchronous To Synchronous        : NO
Shift Register Minimum Size        : 2
Use DSP Block                      : Auto
Automatic Register Balancing       : No

---- Target Options
LUT Combining                      : Auto
Reduce Control Sets                : Auto
Add IO Buffers                     : YES
Global Maximum Fanout              : 100000
Add Generic Clock Buffer(BUFG)     : 16
Register Duplication               : YES
Optimize Instantiated Primitives   : NO
Use Clock Enable                   : Auto
Use Synchronous Set                : Auto
Use Synchronous Reset              : Auto
Pack IO Registers into IOBs        : Auto
Equivalent register Removal        : YES

---- General Options
Optimization Goal                  : Speed
Optimization Effort                : 1
Power Reduction                    : NO
Keep Hierarchy                     : No
Netlist Hierarchy                  : As_Optimized
RTL Output                         : Yes
Global Optimization                : AllClockNets
Read Cores                         : YES
Write Timing Constraints           : NO
Cross Clock Analysis               : NO
Hierarchy Separator                : /
Bus Delimiter                      : <>
Case Specifier                     : Maintain
Slice Utilization Ratio            : 100
BRAM Utilization Ratio             : 100
DSP48 Utilization Ratio            : 100
Auto BRAM Packing                  : NO
Slice Utilization Ratio Delta      : 5

=========================================================================


=========================================================================
*                          HDL Parsing                                  *
=========================================================================
Analyzing Verilog file "D:\lab4\Keypad.v" into library work
Parsing module <Keypad>.
Analyzing Verilog file "D:\lab4\ClockDivider.v" into library work
Parsing module <ClockDivider>.
Analyzing Verilog file "D:\lab4\Keypad_Anvyl.v" into library work
Parsing module <Keypad_Anvyl>.

=========================================================================
*                            HDL Elaboration                            *
=========================================================================
WARNING:HDLCompiler:1016 - "D:\lab4\Keypad_Anvyl.v" Line 33: Port Ready is not connected to this instance

Elaborating module <Keypad_Anvyl>.

Elaborating module <ClockDivider>.

Elaborating module <Keypad>.

=========================================================================
*                           HDL Synthesis                               *
=========================================================================

Synthesizing Unit <Keypad_Anvyl>.
    Related source file is "D:\lab4\Keypad_Anvyl.v".
INFO:Xst:3210 - "D:\lab4\Keypad_Anvyl.v" line 33: Output port <Ready> of the instance <keypad> is unconnected or connected to loadless signal.
    Summary:
	no macro.
Unit <Keypad_Anvyl> synthesized.

Synthesizing Unit <ClockDivider>.
    Related source file is "D:\lab4\ClockDivider.v".
        COUNTER = 32'b00000000000000001100001101010000
    Found 1-bit register for signal <DividedClock>.
    Found 33-bit register for signal <clock_count>.
    Found 33-bit adder for signal <clock_count[32]_GND_2_o_add_1_OUT> created at line 32.
    Summary:
	inferred   1 Adder/Subtractor(s).
	inferred  34 D-type flip-flop(s).
Unit <ClockDivider> synthesized.

Synthesizing Unit <Keypad>.
    Related source file is "D:\lab4\Keypad.v".
    Found 1-bit register for signal <ready_1>.
    Found 1-bit register for signal <ready_2>.
    Found 8-bit register for signal <KeypadData>.
    Found 1-bit register for signal <ready_0>.
    Found 4-bit register for signal <column>.
    Summary:
	inferred  15 D-type flip-flop(s).
Unit <Keypad> synthesized.

=========================================================================
HDL Synthesis Report

Macro Statistics
# Adders/Subtractors                                   : 1
 33-bit adder                                          : 1
# Registers                                            : 7
 1-bit register                                        : 4
 33-bit register                                       : 1
 4-bit register                                        : 1
 8-bit register                                        : 1

=========================================================================

=========================================================================
*                       Advanced HDL Synthesis                          *
=========================================================================


Synthesizing (advanced) Unit <ClockDivider>.
The following registers are absorbed into counter <clock_count>: 1 register on signal <clock_count>.
Unit <ClockDivider> synthesized (advanced).

=========================================================================
Advanced HDL Synthesis Report

Macro Statistics
# Counters                                             : 1
 33-bit up counter                                     : 1
# Registers                                            : 16
 Flip-Flops                                            : 16

=========================================================================

=========================================================================
*                         Low Level Synthesis                           *
=========================================================================

Optimizing unit <Keypad_Anvyl> ...

Optimizing unit <Keypad> ...
WARNING:Xst:2677 - Node <keypad/ready_2> of sequential type is unconnected in block <Keypad_Anvyl>.
WARNING:Xst:2677 - Node <keypad/ready_1> of sequential type is unconnected in block <Keypad_Anvyl>.
WARNING:Xst:2677 - Node <keypad/ready_0> of sequential type is unconnected in block <Keypad_Anvyl>.
INFO:Xst:2261 - The FF/Latch <keypad/KeypadData_7> in Unit <Keypad_Anvyl> is equivalent to the following 3 FFs/Latches, which will be removed : <keypad/KeypadData_6> <keypad/KeypadData_5> <keypad/KeypadData_4> 

Mapping all equations...
Building and optimizing final netlist ...
Found area constraint ratio of 100 (+ 5) on block Keypad_Anvyl, actual ratio is 0.

Final Macro Processing ...

=========================================================================
Final Register Report

Macro Statistics
# Registers                                            : 43
 Flip-Flops                                            : 43

=========================================================================

=========================================================================
*                           Partition Report                            *
=========================================================================

Partition Implementation Status
-------------------------------

  No Partitions were found in this design.

-------------------------------

=========================================================================
*                            Design Summary                             *
=========================================================================

Top Level Output File Name         : Keypad_Anvyl.ngc

Primitive and Black Box Usage:
------------------------------
# BELS                             : 172
#      GND                         : 1
#      INV                         : 1
#      LUT1                        : 32
#      LUT2                        : 34
#      LUT3                        : 1
#      LUT4                        : 13
#      LUT5                        : 5
#      LUT6                        : 16
#      MUXCY                       : 32
#      MUXF7                       : 3
#      VCC                         : 1
#      XORCY                       : 33
# FlipFlops/Latches                : 43
#      FD                          : 43
# Clock Buffers                    : 1
#      BUFGP                       : 1
# IO Buffers                       : 16
#      IBUF                        : 4
#      OBUF                        : 12

Device utilization summary:
---------------------------

Selected Device : 6slx45csg484-3 


Slice Logic Utilization: 
 Number of Slice Registers:              43  out of  54576     0%  
 Number of Slice LUTs:                  102  out of  27288     0%  
    Number used as Logic:               102  out of  27288     0%  

Slice Logic Distribution: 
 Number of LUT Flip Flop pairs used:    105
   Number with an unused Flip Flop:      62  out of    105    59%  
   Number with an unused LUT:             3  out of    105     2%  
   Number of fully used LUT-FF pairs:    40  out of    105    38%  
   Number of unique control sets:         2

IO Utilization: 
 Number of IOs:                          17
 Number of bonded IOBs:                  17  out of    320     5%  

Specific Feature Utilization:
 Number of BUFG/BUFGCTRLs:                1  out of     16     6%  

---------------------------
Partition Resource Summary:
---------------------------

  No Partitions were found in this design.

---------------------------


=========================================================================
Timing Report

NOTE: THESE TIMING NUMBERS ARE ONLY A SYNTHESIS ESTIMATE.
      FOR ACCURATE TIMING INFORMATION PLEASE REFER TO THE TRACE REPORT
      GENERATED AFTER PLACE-and-ROUTE.

Clock Information:
------------------
-----------------------------------+------------------------+-------+
Clock Signal                       | Clock buffer(FF name)  | Load  |
-----------------------------------+------------------------+-------+
clock_divider/DividedClock         | NONE(keypad/column_3)  | 9     |
CLK                                | BUFGP                  | 34    |
-----------------------------------+------------------------+-------+
INFO:Xst:2169 - HDL ADVISOR - Some clock signals were not automatically buffered by XST with BUFG/BUFR resources. Please use the buffer_type constraint in order to insert these buffers to the clock signals to help prevent skew problems.

Asynchronous Control Signals Information:
----------------------------------------
No asynchronous control signals found in this design

Timing Summary:
---------------
Speed Grade: -3

   Minimum period: 4.152ns (Maximum Frequency: 240.825MHz)
   Minimum input arrival time before clock: 4.944ns
   Maximum output required time after clock: 4.022ns
   Maximum combinational path delay: No path found

Timing Details:
---------------
All values displayed in nanoseconds (ns)

=========================================================================
Timing constraint: Default period analysis for Clock 'clock_divider/DividedClock'
  Clock period: 3.234ns (frequency: 309.176MHz)
  Total number of paths / destination ports: 76 / 9
-------------------------------------------------------------------------
Delay:               3.234ns (Levels of Logic = 2)
  Source:            keypad/column_1 (FF)
  Destination:       keypad/KeypadData_0 (FF)
  Source Clock:      clock_divider/DividedClock rising
  Destination Clock: clock_divider/DividedClock rising

  Data Path: keypad/column_1 to keypad/KeypadData_0
                                Gate     Net
    Cell:in->out      fanout   Delay   Delay  Logical Name (Net Name)
    ----------------------------------------  ------------
     FD:C->Q              16   0.447   1.252  keypad/column_1 (keypad/column_1)
     LUT4:I0->O            4   0.203   1.028  keypad/out11 (keypad/n0023)
     LUT6:I1->O            1   0.203   0.000  keypad/column[3]_PWR_3_o_mux_43_OUT<0>5 (keypad/column[3]_PWR_3_o_mux_43_OUT<0>)
     FD:D                      0.102          keypad/KeypadData_0
    ----------------------------------------
    Total                      3.234ns (0.955ns logic, 2.279ns route)
                                       (29.5% logic, 70.5% route)

=========================================================================
Timing constraint: Default period analysis for Clock 'CLK'
  Clock period: 4.152ns (frequency: 240.825MHz)
  Total number of paths / destination ports: 1684 / 34
-------------------------------------------------------------------------
Delay:               4.152ns (Levels of Logic = 3)
  Source:            clock_divider/clock_count_25 (FF)
  Destination:       clock_divider/DividedClock (FF)
  Source Clock:      CLK rising
  Destination Clock: CLK rising

  Data Path: clock_divider/clock_count_25 to clock_divider/DividedClock
                                Gate     Net
    Cell:in->out      fanout   Delay   Delay  Logical Name (Net Name)
    ----------------------------------------  ------------
     FD:C->Q               2   0.447   0.981  clock_divider/clock_count_25 (clock_divider/clock_count_25)
     LUT6:I0->O            2   0.203   0.961  clock_divider/clock_count[32]_GND_2_o_equal_3_o<32>5 (clock_divider/clock_count[32]_GND_2_o_equal_3_o<32>4)
     LUT6:I1->O           18   0.203   1.050  clock_divider/clock_count[32]_GND_2_o_equal_3_o<32>7 (clock_divider/clock_count[32]_GND_2_o_equal_3_o)
     LUT2:I1->O            1   0.205   0.000  clock_divider/clock_count_0_rstpot (clock_divider/clock_count_0_rstpot)
     FD:D                      0.102          clock_divider/clock_count_0
    ----------------------------------------
    Total                      4.152ns (1.160ns logic, 2.992ns route)
                                       (27.9% logic, 72.1% route)

=========================================================================
Timing constraint: Default OFFSET IN BEFORE for Clock 'clock_divider/DividedClock'
  Total number of paths / destination ports: 124 / 5
-------------------------------------------------------------------------
Offset:              4.944ns (Levels of Logic = 5)
  Source:            KYPD_ROW<2> (PAD)
  Destination:       keypad/KeypadData_1 (FF)
  Destination Clock: clock_divider/DividedClock rising

  Data Path: KYPD_ROW<2> to keypad/KeypadData_1
                                Gate     Net
    Cell:in->out      fanout   Delay   Delay  Logical Name (Net Name)
    ----------------------------------------  ------------
     IBUF:I->O             7   1.222   1.021  KYPD_ROW_2_IBUF (KYPD_ROW_2_IBUF)
     LUT4:I0->O            8   0.203   1.167  keypad/Row[3]_PWR_3_o_equal_11_o<3>1 (keypad/Row[3]_PWR_3_o_equal_11_o)
     LUT6:I0->O            1   0.203   0.000  keypad/column[3]_PWR_3_o_mux_43_OUT<1>1_G (N8)
     MUXF7:I1->O           1   0.140   0.684  keypad/column[3]_PWR_3_o_mux_43_OUT<1>1 (keypad/column[3]_PWR_3_o_mux_43_OUT<1>1)
     LUT6:I4->O            1   0.203   0.000  keypad/column[3]_PWR_3_o_mux_43_OUT<1>5 (keypad/column[3]_PWR_3_o_mux_43_OUT<1>)
     FD:D                      0.102          keypad/KeypadData_1
    ----------------------------------------
    Total                      4.944ns (2.073ns logic, 2.871ns route)
                                       (41.9% logic, 58.1% route)

=========================================================================
Timing constraint: Default OFFSET OUT AFTER for Clock 'clock_divider/DividedClock'
  Total number of paths / destination ports: 12 / 12
-------------------------------------------------------------------------
Offset:              4.022ns (Levels of Logic = 1)
  Source:            keypad/column_1 (FF)
  Destination:       KYPD_COL<1> (PAD)
  Source Clock:      clock_divider/DividedClock rising

  Data Path: keypad/column_1 to KYPD_COL<1>
                                Gate     Net
    Cell:in->out      fanout   Delay   Delay  Logical Name (Net Name)
    ----------------------------------------  ------------
     FD:C->Q              16   0.447   1.004  keypad/column_1 (keypad/column_1)
     OBUF:I->O                 2.571          KYPD_COL_1_OBUF (KYPD_COL<1>)
    ----------------------------------------
    Total                      4.022ns (3.018ns logic, 1.004ns route)
                                       (75.0% logic, 25.0% route)

=========================================================================

Cross Clock Domains Report:
--------------------------

Clock to Setup on destination clock CLK
---------------+---------+---------+---------+---------+
               | Src:Rise| Src:Fall| Src:Rise| Src:Fall|
Source Clock   |Dest:Rise|Dest:Rise|Dest:Fall|Dest:Fall|
---------------+---------+---------+---------+---------+
CLK            |    4.152|         |         |         |
---------------+---------+---------+---------+---------+

Clock to Setup on destination clock clock_divider/DividedClock
--------------------------+---------+---------+---------+---------+
                          | Src:Rise| Src:Fall| Src:Rise| Src:Fall|
Source Clock              |Dest:Rise|Dest:Rise|Dest:Fall|Dest:Fall|
--------------------------+---------+---------+---------+---------+
clock_divider/DividedClock|    3.234|         |         |         |
--------------------------+---------+---------+---------+---------+

=========================================================================


Total REAL time to Xst completion: 4.00 secs
Total CPU time to Xst completion: 3.90 secs
 
--> 

Total memory usage is 258492 kilobytes

Number of errors   :    0 (   0 filtered)
Number of warnings :    4 (   0 filtered)
Number of infos    :    3 (   0 filtered)

