Release 14.7 - xst P.20131013 (nt64)
Copyright (c) 1995-2013 Xilinx, Inc.  All rights reserved.
--> Parameter TMPDIR set to xst/projnav.tmp


Total REAL time to Xst completion: 0.00 secs
Total CPU time to Xst completion: 0.05 secs
 
--> Parameter xsthdpdir set to xst


Total REAL time to Xst completion: 0.00 secs
Total CPU time to Xst completion: 0.05 secs
 
--> Reading design: alu.prj

TABLE OF CONTENTS
  1) Synthesis Options Summary
  2) HDL Parsing
  3) HDL Elaboration
  4) HDL Synthesis
       4.1) HDL Synthesis Report
  5) Advanced HDL Synthesis
       5.1) Advanced HDL Synthesis Report
  6) Low Level Synthesis
  7) Partition Report
  8) Design Summary
       8.1) Primitive and Black Box Usage
       8.2) Device utilization summary
       8.3) Partition Resource Summary
       8.4) Timing Report
            8.4.1) Clock Information
            8.4.2) Asynchronous Control Signals Information
            8.4.3) Timing Summary
            8.4.4) Timing Details
            8.4.5) Cross Clock Domains Report


=========================================================================
*                      Synthesis Options Summary                        *
=========================================================================
---- Source Parameters
Input File Name                    : "alu.prj"
Ignore Synthesis Constraint File   : NO

---- Target Parameters
Output File Name                   : "alu"
Output Format                      : NGC
Target Device                      : xc6slx45-3-csg484

---- Source Options
Top Module Name                    : alu
Automatic FSM Extraction           : YES
FSM Encoding Algorithm             : Auto
Safe Implementation                : No
FSM Style                          : LUT
RAM Extraction                     : Yes
RAM Style                          : Auto
ROM Extraction                     : Yes
Shift Register Extraction          : YES
ROM Style                          : Auto
Resource Sharing                   : YES
Asynchronous To Synchronous        : NO
Shift Register Minimum Size        : 2
Use DSP Block                      : Auto
Automatic Register Balancing       : No

---- Target Options
LUT Combining                      : Auto
Reduce Control Sets                : Auto
Add IO Buffers                     : YES
Global Maximum Fanout              : 100000
Add Generic Clock Buffer(BUFG)     : 16
Register Duplication               : YES
Optimize Instantiated Primitives   : NO
Use Clock Enable                   : Auto
Use Synchronous Set                : Auto
Use Synchronous Reset              : Auto
Pack IO Registers into IOBs        : Auto
Equivalent register Removal        : YES

---- General Options
Optimization Goal                  : Speed
Optimization Effort                : 1
Power Reduction                    : NO
Keep Hierarchy                     : No
Netlist Hierarchy                  : As_Optimized
RTL Output                         : Yes
Global Optimization                : AllClockNets
Read Cores                         : YES
Write Timing Constraints           : NO
Cross Clock Analysis               : NO
Hierarchy Separator                : /
Bus Delimiter                      : <>
Case Specifier                     : Maintain
Slice Utilization Ratio            : 100
BRAM Utilization Ratio             : 100
DSP48 Utilization Ratio            : 100
Auto BRAM Packing                  : NO
Slice Utilization Ratio Delta      : 5

=========================================================================


=========================================================================
*                          HDL Parsing                                  *
=========================================================================
Analyzing Verilog file "D:\lab5\shift.v" into library work
Parsing module <shift>.
Analyzing Verilog file "D:\lab5\mux4x32.v" into library work
Parsing module <mux4x32>.
Analyzing Verilog file "D:\lab5\addsub32.v" into library work
Parsing module <addsub32>.
Analyzing Verilog file "D:\lab5\alu.v" into library work
Parsing module <alu>.

=========================================================================
*                            HDL Elaboration                            *
=========================================================================

Elaborating module <alu>.

Elaborating module <addsub32>.

Elaborating module <shift>.

Elaborating module <mux4x32>.

=========================================================================
*                           HDL Synthesis                               *
=========================================================================

Synthesizing Unit <alu>.
    Related source file is "D:\lab5\alu.v".
    Summary:
	inferred   2 Multiplexer(s).
Unit <alu> synthesized.

Synthesizing Unit <addsub32>.
    Related source file is "D:\lab5\addsub32.v".
    Found 32-bit adder for signal <a[31]_b[31]_add_0_OUT> created at line 26.
    Found 32-bit adder for signal <sub_GND_2_o_add_1_OUT> created at line 26.
    Summary:
	inferred   2 Adder/Subtractor(s).
Unit <addsub32> synthesized.

Synthesizing Unit <shift>.
    Related source file is "D:\lab5\shift.v".
    Found 32-bit shifter logical left for signal <d[31]_sa[4]_shift_left_0_OUT> created at line 12
    Found 32-bit shifter logical right for signal <d[31]_sa[4]_shift_right_1_OUT> created at line 14
    Found 32-bit shifter arithmetic right for signal <d[31]_sa[4]_shift_right_2_OUT> created at line 16
    Summary:
	inferred   2 Multiplexer(s).
	inferred   3 Combinational logic shifter(s).
Unit <shift> synthesized.

Synthesizing Unit <mux4x32>.
    Related source file is "D:\lab5\mux4x32.v".
    Found 32-bit 4-to-1 multiplexer for signal <y> created at line 12.
    Summary:
	inferred   1 Multiplexer(s).
Unit <mux4x32> synthesized.

=========================================================================
HDL Synthesis Report

Macro Statistics
# Adders/Subtractors                                   : 2
 32-bit adder                                          : 2
# Multiplexers                                         : 5
 32-bit 2-to-1 multiplexer                             : 4
 32-bit 4-to-1 multiplexer                             : 1
# Logic shifters                                       : 3
 32-bit shifter arithmetic right                       : 1
 32-bit shifter logical left                           : 1
 32-bit shifter logical right                          : 1
# Xors                                                 : 2
 32-bit xor2                                           : 2

=========================================================================

=========================================================================
*                       Advanced HDL Synthesis                          *
=========================================================================


=========================================================================
Advanced HDL Synthesis Report

Macro Statistics
# Adders/Subtractors                                   : 2
 32-bit adder                                          : 2
# Multiplexers                                         : 5
 32-bit 2-to-1 multiplexer                             : 4
 32-bit 4-to-1 multiplexer                             : 1
# Logic shifters                                       : 3
 32-bit shifter arithmetic right                       : 1
 32-bit shifter logical left                           : 1
 32-bit shifter logical right                          : 1
# Xors                                                 : 2
 32-bit xor2                                           : 2

=========================================================================

=========================================================================
*                         Low Level Synthesis                           *
=========================================================================

Optimizing unit <alu> ...

Mapping all equations...
Building and optimizing final netlist ...
Found area constraint ratio of 100 (+ 5) on block alu, actual ratio is 1.

Final Macro Processing ...

=========================================================================
Final Register Report

Found no macro
=========================================================================

=========================================================================
*                           Partition Report                            *
=========================================================================

Partition Implementation Status
-------------------------------

  No Partitions were found in this design.

-------------------------------

=========================================================================
*                            Design Summary                             *
=========================================================================

Top Level Output File Name         : alu.ngc

Primitive and Black Box Usage:
------------------------------
# BELS                             : 436
#      GND                         : 1
#      LUT2                        : 42
#      LUT3                        : 45
#      LUT4                        : 16
#      LUT5                        : 60
#      LUT6                        : 183
#      MUXCY                       : 31
#      MUXF7                       : 26
#      XORCY                       : 32
# IO Buffers                       : 101
#      IBUF                        : 68
#      OBUF                        : 33

Device utilization summary:
---------------------------

Selected Device : 6slx45csg484-3 


Slice Logic Utilization: 
 Number of Slice LUTs:                  346  out of  27288     1%  
    Number used as Logic:               346  out of  27288     1%  

Slice Logic Distribution: 
 Number of LUT Flip Flop pairs used:    346
   Number with an unused Flip Flop:     346  out of    346   100%  
   Number with an unused LUT:             0  out of    346     0%  
   Number of fully used LUT-FF pairs:     0  out of    346     0%  
   Number of unique control sets:         0

IO Utilization: 
 Number of IOs:                         101
 Number of bonded IOBs:                 101  out of    320    31%  

Specific Feature Utilization:

---------------------------
Partition Resource Summary:
---------------------------

  No Partitions were found in this design.

---------------------------


=========================================================================
Timing Report

NOTE: THESE TIMING NUMBERS ARE ONLY A SYNTHESIS ESTIMATE.
      FOR ACCURATE TIMING INFORMATION PLEASE REFER TO THE TRACE REPORT
      GENERATED AFTER PLACE-and-ROUTE.

Clock Information:
------------------
No clock signals found in this design

Asynchronous Control Signals Information:
----------------------------------------
No asynchronous control signals found in this design

Timing Summary:
---------------
Speed Grade: -3

   Minimum period: No path found
   Minimum input arrival time before clock: No path found
   Maximum output required time after clock: No path found
   Maximum combinational path delay: 13.703ns

Timing Details:
---------------
All values displayed in nanoseconds (ns)

=========================================================================
Timing constraint: Default path analysis
  Total number of paths / destination ports: 9214 / 33
-------------------------------------------------------------------------
Delay:               13.703ns (Levels of Logic = 11)
  Source:            a<0> (PAD)
  Destination:       z (PAD)

  Data Path: a<0> to z
                                Gate     Net
    Cell:in->out      fanout   Delay   Delay  Logical Name (Net Name)
    ----------------------------------------  ------------
     IBUF:I->O            78   1.222   1.961  a_0_IBUF (a_0_IBUF)
     LUT3:I0->O            5   0.205   0.962  Sh12311 (Sh1231)
     LUT6:I2->O            4   0.203   0.788  Sh24111 (Sh2411)
     LUT6:I4->O            1   0.203   0.684  select/Mmux_y189_SW0 (N26)
     LUT6:I4->O            1   0.203   0.580  select/Mmux_y189 (select/Mmux_y188)
     LUT6:I5->O            1   0.205   0.000  select/Mmux_y1810_G (N81)
     MUXF7:I1->O           2   0.140   0.721  select/Mmux_y1810 (r_17_OBUF)
     LUT4:I2->O            1   0.203   0.924  z4 (z4)
     LUT6:I1->O            1   0.203   0.944  z5 (z5)
     LUT6:I0->O            1   0.203   0.579  z7 (z_OBUF)
     OBUF:I->O                 2.571          z_OBUF (z)
    ----------------------------------------
    Total                     13.703ns (5.561ns logic, 8.142ns route)
                                       (40.6% logic, 59.4% route)

=========================================================================

Cross Clock Domains Report:
--------------------------

=========================================================================


Total REAL time to Xst completion: 4.00 secs
Total CPU time to Xst completion: 4.52 secs
 
--> 

Total memory usage is 259324 kilobytes

Number of errors   :    0 (   0 filtered)
Number of warnings :    0 (   0 filtered)
Number of infos    :    0 (   0 filtered)

