--------------------------------------------------------------------------------
Release 14.7 Trace  (nt64)
Copyright (c) 1995-2013 Xilinx, Inc.  All rights reserved.

C:\Xilinx\14.7\ISE_DS\ISE\bin\nt64\unwrapped\trce.exe -intstyle ise -v 3 -s 3
-n 3 -fastpaths -xml SixSevenSegs_Anvyl.twx SixSevenSegs_Anvyl.ncd -o
SixSevenSegs_Anvyl.twr SixSevenSegs_Anvyl.pcf

Design file:              SixSevenSegs_Anvyl.ncd
Physical constraint file: SixSevenSegs_Anvyl.pcf
Device,package,speed:     xc6slx45,csg484,C,-3 (PRODUCTION 1.23 2013-10-13)
Report level:             verbose report

Environment Variable      Effect 
--------------------      ------ 
NONE                      No environment variables were set
--------------------------------------------------------------------------------

INFO:Timing:2698 - No timing constraints found, doing default enumeration.
INFO:Timing:3412 - To improve timing, see the Timing Closure User Guide (UG612).
INFO:Timing:2752 - To get complete path coverage, use the unconstrained paths 
   option. All paths that are not constrained will be reported in the 
   unconstrained paths section(s) of the report.
INFO:Timing:3339 - The clock-to-out numbers in this timing report are based on 
   a 50 Ohm transmission line loading model.  For the details of this model, 
   and for more information on accounting for different loading conditions, 
   please see the device datasheet.



Data Sheet report:
-----------------
All values displayed in nanoseconds (ns)

Clock to Setup on destination clock Clock
---------------+---------+---------+---------+---------+
               | Src:Rise| Src:Fall| Src:Rise| Src:Fall|
Source Clock   |Dest:Rise|Dest:Rise|Dest:Fall|Dest:Fall|
---------------+---------+---------+---------+---------+
Clock          |    3.629|         |         |         |
---------------+---------+---------+---------+---------+

Pad to Pad
---------------+---------------+---------+
Source Pad     |Destination Pad|  Delay  |
---------------+---------------+---------+
Switch<0>      |En<0>          |    7.505|
Switch<0>      |Segs<0>        |    8.146|
Switch<0>      |Segs<1>        |    7.828|
Switch<0>      |Segs<2>        |    7.818|
Switch<0>      |Segs<3>        |    8.480|
Switch<0>      |Segs<4>        |    7.340|
Switch<0>      |Segs<5>        |    7.506|
Switch<1>      |En<1>          |    6.997|
Switch<1>      |Segs<1>        |    7.035|
Switch<1>      |Segs<2>        |    7.104|
Switch<2>      |En<2>          |    6.435|
Switch<2>      |Segs<0>        |    7.175|
Switch<2>      |Segs<1>        |    7.139|
Switch<2>      |Segs<3>        |    7.509|
Switch<2>      |Segs<4>        |    6.902|
Switch<2>      |Segs<6>        |    7.968|
Switch<3>      |En<3>          |    6.719|
Switch<3>      |Segs<0>        |    7.016|
Switch<3>      |Segs<1>        |    7.181|
Switch<3>      |Segs<2>        |    6.684|
Switch<3>      |Segs<3>        |    7.350|
Switch<3>      |Segs<6>        |    7.371|
Switch<4>      |En<4>          |    6.585|
Switch<4>      |Segs<0>        |    7.429|
Switch<4>      |Segs<1>        |    7.117|
Switch<4>      |Segs<2>        |    7.575|
Switch<4>      |Segs<3>        |    7.763|
Switch<4>      |Segs<5>        |    7.077|
Switch<4>      |Segs<6>        |    7.311|
Switch<5>      |En<5>          |    6.996|
Switch<5>      |Segs<0>        |    7.430|
Switch<5>      |Segs<2>        |    7.500|
Switch<5>      |Segs<3>        |    7.764|
Switch<5>      |Segs<5>        |    7.189|
Switch<5>      |Segs<6>        |    7.125|
---------------+---------------+---------+


Analysis completed Mon Mar 03 15:29:59 2025 
--------------------------------------------------------------------------------

Trace Settings:
-------------------------
Trace Settings 

Peak Memory Usage: 264 MB



