Running: C:\Xilinx\14.7\ISE_DS\ISE\bin\nt64\unwrapped\fuse.exe -intstyle ise -incremental -lib unisims_ver -lib unimacro_ver -lib xilinxcorelib_ver -lib secureip -o F:/lab/111/lab_cpu/alu_test_isim_beh.exe -prj F:/lab/111/lab_cpu/alu_test_beh.prj work.alu_test work.glbl 
ISim P.20131013 (signature 0x7708f090)
Number of CPUs detected in this system: 4
Turning on mult-threading, number of parallel sub-compilation jobs: 8 
Determining compilation order of HDL files
Analyzing Verilog file "F:/lab/111/lab_cpu/../../lab/Lab_05_ALU_2025_release/shift.v" into library work
Analyzing Verilog file "F:/lab/111/lab_cpu/../../lab/Lab_05_ALU_2025_release/mux4x32.v" into library work
Analyzing Verilog file "F:/lab/111/lab_cpu/../../lab/Lab_05_ALU_2025_release/lab5-fin/addsub32.v" into library work
Analyzing Verilog file "F:/lab/111/lab_cpu/../../lab/Lab_05_ALU_2025_release/Lab05_ALU_Start/alu.v" into library work
Analyzing Verilog file "F:/lab/111/lab_cpu/alu_test.v" into library work
Analyzing Verilog file "C:/Xilinx/14.7/ISE_DS/ISE//verilog/src/glbl.v" into library work
Starting static elaboration
Completed static elaboration
Compiling module addsub32
Compiling module shift
Compiling module mux4x32
Compiling module alu
Compiling module alu_test
Compiling module glbl
Time Resolution for simulation is 1ps.
Waiting for 1 sub-compilation(s) to finish...
Compiled 6 Verilog Units
Built simulation executable F:/lab/111/lab_cpu/alu_test_isim_beh.exe
Fuse Memory Usage: 27580 KB
Fuse CPU Usage: 311 ms
