#-----------------------------------------------------------
# PlanAhead v14.7 (64-bit)
# Build 321239 by xbuild on Fri Sep 27 19:29:51 MDT 2013
# Start of session at: Mon Mar 03 15:39:05 2025
# Process ID: 4588
# Log file: D:/lab3/planAhead_run_3/planAhead.log
# Journal file: D:/lab3/planAhead_run_3/planAhead.jou
#-----------------------------------------------------------
INFO: [Common 17-78] Attempting to get a license: PlanAhead
INFO: [Common 17-290] Got license for PlanAhead
INFO: [Common 17-86] Your PlanAhead license expires in -31 day(s)
INFO: [Device 21-36] Loading parts and site information from C:/Xilinx/14.7/ISE_DS/PlanAhead/data/parts/arch.xml
Parsing RTL primitives file [C:/Xilinx/14.7/ISE_DS/PlanAhead/data/parts/xilinx/rtl/prims/rtl_prims.xml]
Finished parsing RTL primitives file [C:/Xilinx/14.7/ISE_DS/PlanAhead/data/parts/xilinx/rtl/prims/rtl_prims.xml]
start_gui
source D:/lab3/pa.fromNetlist.tcl
# create_project -name lab3 -dir "D:/lab3/planAhead_run_3" -part xc6slx45csg484-3
# set_property design_mode GateLvl [get_property srcset [current_run -impl]]
# set_property edif_top_file "D:/lab3/SixSevenSegs_Anvyl.ngc" [ get_property srcset [ current_run ] ]
# add_files -norecurse { {D:/lab3} }
# set_property target_constrs_file "constraint.ucf" [current_fileset -constrset]
Adding file 'D:/lab3/constraint.ucf' to fileset 'constrs_1'
# add_files [list {constraint.ucf}] -fileset [get_property constrset [current_run]]
# link_design
Design is defaulting to srcset: sources_1
Design is defaulting to constrset: constrs_1
Design is defaulting to project part: xc6slx45csg484-3
ERROR: [Designutils 20-396] Could not read top design file [D:/lab3/SixSevenSegs_Anvyl.ngc] because temporary work directory could not be created

    while executing
"link_design"
    (file "D:/lab3/pa.fromNetlist.tcl" line 10)
exit
ERROR: [PlanAhead 12-106] *** Exception: ui.h.b: Found deleted key in HTclEventBroker. Verify if the classes listed here call cleanup()
HTclEvent: SIGNAL_MODIFY   Classes: ui.views.aR 
HTclEvent: DEBUG_CORE_CONFIG_CHANGE   Classes: ui.views.aR 
HTclEvent: SIGNAL_BUS_MODIFY   Classes: ui.views.aR 
HTclEvent: DEBUG_PORT_CONFIG_CHANGE   Classes: ui.views.aR 
 (See D:/lab3\planAhead_pid4588.debug)
ERROR: [Common 17-39] 'stop_gui' failed due to earlier errors.
INFO: [Common 17-206] Exiting PlanAhead at Mon Mar 03 15:42:14 2025...
INFO: [Common 17-83] Releasing license: PlanAhead
